Arguments: 
  /usr/local/Cellar/node@10/10.17.0/bin/node /usr/local/Cellar/yarn/1.17.3/libexec/bin/yarn.js add threejs

PATH: 
  /Users/codemang/.gem/ruby/2.5.1/bin:/Users/codemang/.rubies/ruby-2.5.1/lib/ruby/gems/2.5.0/bin:/Users/codemang/.rubies/ruby-2.5.1/bin:/Users/codemang/.nix-profile/bin:/usr/local/opt/node@10/bin:/Users/codemang/.nix-profile/bin:/usr/local/opt/node@10/bin:/Users/codemang/.gem/ruby/2.5.0/bin:/usr/local/sbin:/Users/codemang/.chromedriver:/usr/local/bin:/usr/bin:/bin:/usr/sbin:/sbin:/opt/X11/bin:/usr/local/opt/node@10/bin:/Users/codemang/.gem/ruby/2.5.0/bin:/usr/local/sbin:/Users/codemang/.chromedriver:/Users/codemang/.fzf/bin

Yarn version: 
  1.17.3

Node version: 
  10.17.0

Platform: 
  darwin x64

Trace: 
  Error: https://registry.yarnpkg.com/threejs: Not found
      at Request.params.callback [as _callback] (/usr/local/Cellar/yarn/1.17.3/libexec/lib/cli.js:66830:18)
      at Request.self.callback (/usr/local/Cellar/yarn/1.17.3/libexec/lib/cli.js:140464:22)
      at Request.emit (events.js:198:13)
      at Request.<anonymous> (/usr/local/Cellar/yarn/1.17.3/libexec/lib/cli.js:141436:10)
      at Request.emit (events.js:198:13)
      at IncomingMessage.<anonymous> (/usr/local/Cellar/yarn/1.17.3/libexec/lib/cli.js:141358:12)
      at Object.onceWrapper (events.js:286:20)
      at IncomingMessage.emit (events.js:203:15)
      at endReadableNT (_stream_readable.js:1143:12)
      at process._tickCallback (internal/process/next_tick.js:63:19)

npm manifest: 
  No manifest

yarn manifest: 
  No manifest

Lockfile: 
  No lockfile
